[debug] [2018-05-06T15:08:30.146Z] ----------------------------------------------------------------------
[debug] [2018-05-06T15:08:30.149Z] Command:       C:\Program Files\nodejs\node.exe C:\Users\david\AppData\Roaming\npm\node_modules\firebase-tools\bin\firebase deploy
[debug] [2018-05-06T15:08:30.149Z] CLI Version:   3.18.4
[debug] [2018-05-06T15:08:30.149Z] Platform:      win32
[debug] [2018-05-06T15:08:30.149Z] Node Version:  v8.9.4
[debug] [2018-05-06T15:08:30.150Z] Time:          Sun May 06 2018 17:08:30 GMT+0200 (W. Europe Daylight Time)
[debug] [2018-05-06T15:08:30.150Z] ----------------------------------------------------------------------
[debug] 
[debug] [2018-05-06T15:08:30.168Z] > command requires scopes: ["email","openid","https://www.googleapis.com/auth/cloudplatformprojects.readonly","https://www.googleapis.com/auth/firebase","https://www.googleapis.com/auth/cloud-platform"]
[debug] [2018-05-06T15:08:30.169Z] > authorizing via signed-in user
[debug] [2018-05-06T15:08:30.171Z] > refreshing access token with scopes: ["email","https://www.googleapis.com/auth/cloud-platform","https://www.googleapis.com/auth/cloudplatformprojects.readonly","https://www.googleapis.com/auth/firebase","openid"]
[debug] [2018-05-06T15:08:30.171Z] >>> HTTP REQUEST POST https://www.googleapis.com/oauth2/v3/token  
 { refresh_token: '1/ZIwU1HYzIhFztC9Y4m2pkENS_lYtTxYA2rdpyXiJX1I',
  client_id: '563584335869-fgrhgmd47bqnekij5i8b5pr03ho849e6.apps.googleusercontent.com',
  client_secret: 'j9iVZfS8kkCEFUPaAeJV0sAi',
  grant_type: 'refresh_token',
  scope: 'email https://www.googleapis.com/auth/cloud-platform https://www.googleapis.com/auth/cloudplatformprojects.readonly https://www.googleapis.com/auth/firebase openid' } 
 Sun May 06 2018 17:08:30 GMT+0200 (W. Europe Daylight Time)
[debug] [2018-05-06T15:08:30.786Z] <<< HTTP RESPONSE 200
[debug] [2018-05-06T15:08:30.799Z] >>> HTTP REQUEST GET https://admin.firebase.com/v1/projects/innomentor-webseite  
  
 Sun May 06 2018 17:08:30 GMT+0200 (W. Europe Daylight Time)
[debug] [2018-05-06T15:08:31.687Z] <<< HTTP RESPONSE 200
[debug] [2018-05-06T15:08:31.688Z] >>> HTTP REQUEST GET https://admin.firebase.com/v1/database/innomentor-webseite/tokens  
  
 Sun May 06 2018 17:08:31 GMT+0200 (W. Europe Daylight Time)
[debug] [2018-05-06T15:08:32.820Z] <<< HTTP RESPONSE 200
[info] 
[info] === Deploying to 'innomentor-webseite'...
[info] 
[info] i  deploying hosting
[info] i  hosting: preparing build directory for upload...
[debug] [2018-05-06T15:08:36.631Z] >>> HTTP REQUEST PUT https://deploy.firebase.com/v1/hosting/innomentor-webseite/uploads/-LBqQHuUwItBz9GNdEp7?fileCount=120&message=  
  
 Sun May 06 2018 17:08:36 GMT+0200 (W. Europe Daylight Time)
